<?xml version="1.0" encoding="UTF-8" ?>
<testsuite tests="4" failures="0" name="test_Runner.TestRunner" time="190.12" errors="4" skipped="0">
  <properties>
[...]
</properties>
  <testcase classname="Customers" name="search customer by email_id" time="84.023">
    <error message="no such element: Unable to locate element: {&quot;method&quot;:&quot;xpath&quot;,&quot;selector&quot;:&quot;//input[@id=&apos;SearchEmail&apos;]&quot;}
  (Session info: chrome=91.0.4472.77)
For documentation on this error, please visit: https://www.seleniumhq.org/exceptions/no_such_element.html
Build info: version: &apos;3.141.59&apos;, revision: &apos;e82be7d358&apos;, time: &apos;2018-11-14T08:17:03&apos;
System info: host: &apos;DESKTOP-62NCO35&apos;, ip: &apos;127.0.0.1&apos;, os.name: &apos;Windows 10&apos;, os.arch: &apos;amd64&apos;, os.version: &apos;10.0&apos;, java.version: &apos;11.0.2&apos;
Driver info: org.openqa.selenium.chrome.ChromeDriver
Capabilities {acceptInsecureCerts: false, browserName: chrome, browserVersion: 91.0.4472.77, chrome: {chromedriverVersion: 90.0.4430.24 (4c6d850f087da..., userDataDir: C:\Users\manjeeri\AppData\L...}, goog:chromeOptions: {debuggerAddress: localhost:65132}, javascriptEnabled: true, networkConnectionEnabled: false, pageLoadStrategy: normal, platform: WINDOWS, platformName: WINDOWS, proxy: Proxy(), setWindowRect: true, strictFileInteractability: false, timeouts: {implicit: 0, pageLoad: 300000, script: 30000}, unhandledPromptBehavior: dismiss and notify, webauthn:extension:largeBlob: true, webauthn:virtualAuthenticators: true}
Session ID: b07808395e2f2b29945301689283ecb0
*** Element info: {Using=xpath, value=//input[@id=&apos;SearchEmail&apos;]}" type="org.openqa.selenium.NoSuchElementException">org.openqa.selenium.NoSuchElementException: no such element: Unable to locate element: {&quot;method&quot;:&quot;xpath&quot;,&quot;selector&quot;:&quot;//input[@id=&apos;SearchEmail&apos;]&quot;}
  (Session info: chrome=91.0.4472.77)
For documentation on this error, please visit: https://www.seleniumhq.org/exceptions/no_such_element.html
Build info: version: &apos;3.141.59&apos;, revision: &apos;e82be7d358&apos;, time: &apos;2018-11-14T08:17:03&apos;
System info: host: &apos;DESKTOP-62NCO35&apos;, ip: &apos;127.0.0.1&apos;, os.name: &apos;Windows 10&apos;, os.arch: &apos;amd64&apos;, os.version: &apos;10.0&apos;, java.version: &apos;11.0.2&apos;
Driver info: org.openqa.selenium.chrome.ChromeDriver
Capabilities {acceptInsecureCerts: false, browserName: chrome, browserVersion: 91.0.4472.77, chrome: {chromedriverVersion: 90.0.4430.24 (4c6d850f087da..., userDataDir: C:\Users\manjeeri\AppData\L...}, goog:chromeOptions: {debuggerAddress: localhost:65132}, javascriptEnabled: true, networkConnectionEnabled: false, pageLoadStrategy: normal, platform: WINDOWS, platformName: WINDOWS, proxy: Proxy(), setWindowRect: true, strictFileInteractability: false, timeouts: {implicit: 0, pageLoad: 300000, script: 30000}, unhandledPromptBehavior: dismiss and notify, webauthn:extension:largeBlob: true, webauthn:virtualAuthenticators: true}
Session ID: b07808395e2f2b29945301689283ecb0
*** Element info: {Using=xpath, value=//input[@id=&apos;SearchEmail&apos;]}
	at java.base/jdk.internal.reflect.NativeConstructorAccessorImpl.newInstance0(Native Method)
	at java.base/jdk.internal.reflect.NativeConstructorAccessorImpl.newInstance(NativeConstructorAccessorImpl.java:62)
	at java.base/jdk.internal.reflect.DelegatingConstructorAccessorImpl.newInstance(DelegatingConstructorAccessorImpl.java:45)
	at java.base/java.lang.reflect.Constructor.newInstance(Constructor.java:490)
	at org.openqa.selenium.remote.http.W3CHttpResponseCodec.createException(W3CHttpResponseCodec.java:187)
	at org.openqa.selenium.remote.http.W3CHttpResponseCodec.decode(W3CHttpResponseCodec.java:122)
	at org.openqa.selenium.remote.http.W3CHttpResponseCodec.decode(W3CHttpResponseCodec.java:49)
	at org.openqa.selenium.remote.HttpCommandExecutor.execute(HttpCommandExecutor.java:158)
	at org.openqa.selenium.remote.service.DriverCommandExecutor.execute(DriverCommandExecutor.java:83)
	at org.openqa.selenium.remote.RemoteWebDriver.execute(RemoteWebDriver.java:552)
	at org.openqa.selenium.remote.RemoteWebDriver.findElement(RemoteWebDriver.java:323)
	at org.openqa.selenium.remote.RemoteWebDriver.findElementByXPath(RemoteWebDriver.java:428)
	at org.openqa.selenium.By$ByXPath.findElement(By.java:353)
	at org.openqa.selenium.remote.RemoteWebDriver.findElement(RemoteWebDriver.java:315)
	at page_Objects.Seach_customer.searchby_email(Seach_customer.java:49)
	at step_Definitions.login.enter_email(login.java:218)
	at ✽.enter email(file:Features/Customers.feature:28)
</error>
    <system-out>Feature: Customers

  Background: Below are the common steps for every scenario                              # Features/Customers.feature:3
06-06-2021 21:18:08 login.java INFO  [main] nopcommerce 47 - launching browser
    Given User launch chrome browser                                                     # login.user_launch_chrome_browser()
06-06-2021 21:18:08 login.java INFO  [main] nopcommerce 60 - Opening URL
    When User opens URL &quot;https://admin-demo.nopcommerce.com/login?ReturnUrl=%2Fadmin%2F&quot; # login.user_opens_url(String)
06-06-2021 21:18:31 login.java INFO  [main] nopcommerce 71 - providing usernam and password
    And User enters email as &quot;admin@yourstore.com&quot; and password as &quot;admin&quot;               # login.user_enters_email_as_and_password_as(String,String)
    And Click on Login                                                                   # login.click_on_login()
Dashboard / nopCommerce administration
    Then User can view Dashboard                                                         # login.user_can_view_Dashboard()

  @Regression
  Scenario: search customer by email_id          # Features/Customers.feature:24
    When User click on customers menu            # login.user_click_on_customers_menu()
    And click on Customers Menu item             # login.click_on_Customers_Menu_item()
    And Click on search button                   # login.click_on_search_button()
06-06-2021 21:19:22 login.java INFO  [main] nopcommerce 216 - searching by email
    And enter email                              # login.enter_email()
      org.openqa.selenium.NoSuchElementException: no such element: Unable to locate element: {&quot;method&quot;:&quot;xpath&quot;,&quot;selector&quot;:&quot;//input[@id=&apos;SearchEmail&apos;]&quot;}
  (Session info: chrome=91.0.4472.77)
For documentation on this error, please visit: https://www.seleniumhq.org/exceptions/no_such_element.html
Build info: version: &apos;3.141.59&apos;, revision: &apos;e82be7d358&apos;, time: &apos;2018-11-14T08:17:03&apos;
System info: host: &apos;DESKTOP-62NCO35&apos;, ip: &apos;127.0.0.1&apos;, os.name: &apos;Windows 10&apos;, os.arch: &apos;amd64&apos;, os.version: &apos;10.0&apos;, java.version: &apos;11.0.2&apos;
Driver info: org.openqa.selenium.chrome.ChromeDriver
Capabilities {acceptInsecureCerts: false, browserName: chrome, browserVersion: 91.0.4472.77, chrome: {chromedriverVersion: 90.0.4430.24 (4c6d850f087da..., userDataDir: C:\Users\manjeeri\AppData\L...}, goog:chromeOptions: {debuggerAddress: localhost:65132}, javascriptEnabled: true, networkConnectionEnabled: false, pageLoadStrategy: normal, platform: WINDOWS, platformName: WINDOWS, proxy: Proxy(), setWindowRect: true, strictFileInteractability: false, timeouts: {implicit: 0, pageLoad: 300000, script: 30000}, unhandledPromptBehavior: dismiss and notify, webauthn:extension:largeBlob: true, webauthn:virtualAuthenticators: true}
Session ID: b07808395e2f2b29945301689283ecb0
*** Element info: {Using=xpath, value=//input[@id=&apos;SearchEmail&apos;]}
	at java.base/jdk.internal.reflect.NativeConstructorAccessorImpl.newInstance0(Native Method)
	at java.base/jdk.internal.reflect.NativeConstructorAccessorImpl.newInstance(NativeConstructorAccessorImpl.java:62)
	at java.base/jdk.internal.reflect.DelegatingConstructorAccessorImpl.newInstance(DelegatingConstructorAccessorImpl.java:45)
	at java.base/java.lang.reflect.Constructor.newInstance(Constructor.java:490)
	at org.openqa.selenium.remote.http.W3CHttpResponseCodec.createException(W3CHttpResponseCodec.java:187)
	at org.openqa.selenium.remote.http.W3CHttpResponseCodec.decode(W3CHttpResponseCodec.java:122)
	at org.openqa.selenium.remote.http.W3CHttpResponseCodec.decode(W3CHttpResponseCodec.java:49)
	at org.openqa.selenium.remote.HttpCommandExecutor.execute(HttpCommandExecutor.java:158)
	at org.openqa.selenium.remote.service.DriverCommandExecutor.execute(DriverCommandExecutor.java:83)
	at org.openqa.selenium.remote.RemoteWebDriver.execute(RemoteWebDriver.java:552)
	at org.openqa.selenium.remote.RemoteWebDriver.findElement(RemoteWebDriver.java:323)
	at org.openqa.selenium.remote.RemoteWebDriver.findElementByXPath(RemoteWebDriver.java:428)
	at org.openqa.selenium.By$ByXPath.findElement(By.java:353)
	at org.openqa.selenium.remote.RemoteWebDriver.findElement(RemoteWebDriver.java:315)
	at page_Objects.Seach_customer.searchby_email(Seach_customer.java:49)
	at step_Definitions.login.enter_email(login.java:218)
	at ?.enter email(file:Features/Customers.feature:28)

    When click on search button                  # null
    Then User should found email in search table # login.user_should_found_email_in_search_table()
    And Close browser                            # login.close_browser()
</system-out>
    <system-err>Jun 06, 2021 9:17:58 PM cucumber.runtime.java.ObjectFactoryLoader loadSingleObjectFactory
WARNING: Use deprecated reflections to load ObjectFactory.
Starting ChromeDriver 90.0.4430.24 (4c6d850f087da467d926e8eddb76550aed655991-refs/branch-heads/4430@{#429}) on port 39157
Only local connections are allowed.
Please see https://chromedriver.chromium.org/security-considerations for suggestions on keeping ChromeDriver safe.
ChromeDriver was started successfully.
[1623039488.720][WARNING]: This version of ChromeDriver has not been tested with Chrome version 91.
Jun 06, 2021 9:18:08 PM org.openqa.selenium.remote.ProtocolHandshake createSession
INFO: Detected dialect: W3C
</system-err>
  </testcase>
  <testcase classname="Customers" name="search customer by email_id" time="84.027">
    <error message="The step &quot;click on search button&quot; is undefined" type="cucumber.runtime.junit.UndefinedThrowable">cucumber.runtime.junit.UndefinedThrowable: The step &quot;click on search button&quot; is undefined
</error>
  </testcase>
  <testcase classname="Customers" name="search customer by firstname and lastname" time="11.033">
    <error message="unknown error: cannot determine loading status
from disconnected: received Inspector.detached event
  (Session info: chrome=91.0.4472.77)
Build info: version: &apos;3.141.59&apos;, revision: &apos;e82be7d358&apos;, time: &apos;2018-11-14T08:17:03&apos;
System info: host: &apos;DESKTOP-62NCO35&apos;, ip: &apos;127.0.0.1&apos;, os.name: &apos;Windows 10&apos;, os.arch: &apos;amd64&apos;, os.version: &apos;10.0&apos;, java.version: &apos;11.0.2&apos;
Driver info: org.openqa.selenium.chrome.ChromeDriver
Capabilities {acceptInsecureCerts: false, browserName: chrome, browserVersion: 91.0.4472.77, chrome: {chromedriverVersion: 90.0.4430.24 (4c6d850f087da..., userDataDir: C:\Users\manjeeri\AppData\L...}, goog:chromeOptions: {debuggerAddress: localhost:63754}, javascriptEnabled: true, networkConnectionEnabled: false, pageLoadStrategy: normal, platform: WINDOWS, platformName: WINDOWS, proxy: Proxy(), setWindowRect: true, strictFileInteractability: false, timeouts: {implicit: 0, pageLoad: 300000, script: 30000}, unhandledPromptBehavior: dismiss and notify, webauthn:extension:largeBlob: true, webauthn:virtualAuthenticators: true}
Session ID: 7b99a9635e99ed32caff43050bfc0975" type="org.openqa.selenium.WebDriverException">org.openqa.selenium.WebDriverException: unknown error: cannot determine loading status
from disconnected: received Inspector.detached event
  (Session info: chrome=91.0.4472.77)
Build info: version: &apos;3.141.59&apos;, revision: &apos;e82be7d358&apos;, time: &apos;2018-11-14T08:17:03&apos;
System info: host: &apos;DESKTOP-62NCO35&apos;, ip: &apos;127.0.0.1&apos;, os.name: &apos;Windows 10&apos;, os.arch: &apos;amd64&apos;, os.version: &apos;10.0&apos;, java.version: &apos;11.0.2&apos;
Driver info: org.openqa.selenium.chrome.ChromeDriver
Capabilities {acceptInsecureCerts: false, browserName: chrome, browserVersion: 91.0.4472.77, chrome: {chromedriverVersion: 90.0.4430.24 (4c6d850f087da..., userDataDir: C:\Users\manjeeri\AppData\L...}, goog:chromeOptions: {debuggerAddress: localhost:63754}, javascriptEnabled: true, networkConnectionEnabled: false, pageLoadStrategy: normal, platform: WINDOWS, platformName: WINDOWS, proxy: Proxy(), setWindowRect: true, strictFileInteractability: false, timeouts: {implicit: 0, pageLoad: 300000, script: 30000}, unhandledPromptBehavior: dismiss and notify, webauthn:extension:largeBlob: true, webauthn:virtualAuthenticators: true}
Session ID: 7b99a9635e99ed32caff43050bfc0975
	at java.base/jdk.internal.reflect.NativeConstructorAccessorImpl.newInstance0(Native Method)
	at java.base/jdk.internal.reflect.NativeConstructorAccessorImpl.newInstance(NativeConstructorAccessorImpl.java:62)
	at java.base/jdk.internal.reflect.DelegatingConstructorAccessorImpl.newInstance(DelegatingConstructorAccessorImpl.java:45)
	at java.base/java.lang.reflect.Constructor.newInstance(Constructor.java:490)
	at org.openqa.selenium.remote.http.W3CHttpResponseCodec.createException(W3CHttpResponseCodec.java:187)
	at org.openqa.selenium.remote.http.W3CHttpResponseCodec.decode(W3CHttpResponseCodec.java:122)
	at org.openqa.selenium.remote.http.W3CHttpResponseCodec.decode(W3CHttpResponseCodec.java:49)
	at org.openqa.selenium.remote.HttpCommandExecutor.execute(HttpCommandExecutor.java:158)
	at org.openqa.selenium.remote.service.DriverCommandExecutor.execute(DriverCommandExecutor.java:83)
	at org.openqa.selenium.remote.RemoteWebDriver.execute(RemoteWebDriver.java:552)
	at org.openqa.selenium.remote.RemoteWebDriver.get(RemoteWebDriver.java:277)
	at step_Definitions.login.user_opens_url(login.java:61)
	at ✽.User opens URL &quot;https://admin-demo.nopcommerce.com/login?ReturnUrl=%2Fadmin%2F&quot;(file:Features/Customers.feature:5)
</error>
    <system-out>
  Background: Below are the common steps for every scenario                              # Features/Customers.feature:3
06-06-2021 21:19:31 login.java INFO  [main] nopcommerce 47 - launching browser
    Given User launch chrome browser                                                     # login.user_launch_chrome_browser()
06-06-2021 21:19:31 login.java INFO  [main] nopcommerce 60 - Opening URL
    When User opens URL &quot;https://admin-demo.nopcommerce.com/login?ReturnUrl=%2Fadmin%2F&quot; # login.user_opens_url(String)
      org.openqa.selenium.WebDriverException: unknown error: cannot determine loading status
from disconnected: received Inspector.detached event
  (Session info: chrome=91.0.4472.77)
Build info: version: &apos;3.141.59&apos;, revision: &apos;e82be7d358&apos;, time: &apos;2018-11-14T08:17:03&apos;
System info: host: &apos;DESKTOP-62NCO35&apos;, ip: &apos;127.0.0.1&apos;, os.name: &apos;Windows 10&apos;, os.arch: &apos;amd64&apos;, os.version: &apos;10.0&apos;, java.version: &apos;11.0.2&apos;
Driver info: org.openqa.selenium.chrome.ChromeDriver
Capabilities {acceptInsecureCerts: false, browserName: chrome, browserVersion: 91.0.4472.77, chrome: {chromedriverVersion: 90.0.4430.24 (4c6d850f087da..., userDataDir: C:\Users\manjeeri\AppData\L...}, goog:chromeOptions: {debuggerAddress: localhost:63754}, javascriptEnabled: true, networkConnectionEnabled: false, pageLoadStrategy: normal, platform: WINDOWS, platformName: WINDOWS, proxy: Proxy(), setWindowRect: true, strictFileInteractability: false, timeouts: {implicit: 0, pageLoad: 300000, script: 30000}, unhandledPromptBehavior: dismiss and notify, webauthn:extension:largeBlob: true, webauthn:virtualAuthenticators: true}
Session ID: 7b99a9635e99ed32caff43050bfc0975
	at java.base/jdk.internal.reflect.NativeConstructorAccessorImpl.newInstance0(Native Method)
	at java.base/jdk.internal.reflect.NativeConstructorAccessorImpl.newInstance(NativeConstructorAccessorImpl.java:62)
	at java.base/jdk.internal.reflect.DelegatingConstructorAccessorImpl.newInstance(DelegatingConstructorAccessorImpl.java:45)
	at java.base/java.lang.reflect.Constructor.newInstance(Constructor.java:490)
	at org.openqa.selenium.remote.http.W3CHttpResponseCodec.createException(W3CHttpResponseCodec.java:187)
	at org.openqa.selenium.remote.http.W3CHttpResponseCodec.decode(W3CHttpResponseCodec.java:122)
	at org.openqa.selenium.remote.http.W3CHttpResponseCodec.decode(W3CHttpResponseCodec.java:49)
	at org.openqa.selenium.remote.HttpCommandExecutor.execute(HttpCommandExecutor.java:158)
	at org.openqa.selenium.remote.service.DriverCommandExecutor.execute(DriverCommandExecutor.java:83)
	at org.openqa.selenium.remote.RemoteWebDriver.execute(RemoteWebDriver.java:552)
	at org.openqa.selenium.remote.RemoteWebDriver.get(RemoteWebDriver.java:277)
	at step_Definitions.login.user_opens_url(login.java:61)
	at ?.User opens URL &quot;https://admin-demo.nopcommerce.com/login?ReturnUrl=%2Fadmin%2F&quot;(file:Features/Customers.feature:5)

    And User enters email as &quot;admin@yourstore.com&quot; and password as &quot;admin&quot;               # login.user_enters_email_as_and_password_as(String,String)
    And Click on Login                                                                   # login.click_on_login()
    Then User can view Dashboard                                                         # login.user_can_view_Dashboard()

  @Regression
  Scenario: search customer by firstname and lastname # Features/Customers.feature:34
    When User click on customers menu                 # login.user_click_on_customers_menu()
    And click on Customers Menu item                  # login.click_on_Customers_Menu_item()
    And Click on search text                          # login.click_on_search_text()
    And enter firstname and lastname                  # login.enter_firstname_and_lastname()
    When click on search button                       # null
    Then User should found name in search table       # login.user_should_found_name_in_search_table()
    And Close browser                                 # login.close_browser()
</system-out>
    <system-err>Starting ChromeDriver 90.0.4430.24 (4c6d850f087da467d926e8eddb76550aed655991-refs/branch-heads/4430@{#429}) on port 3078
Only local connections are allowed.
Please see https://chromedriver.chromium.org/security-considerations for suggestions on keeping ChromeDriver safe.
ChromeDriver was started successfully.
[1623039571.505][WARNING]: This version of ChromeDriver has not been tested with Chrome version 91.
Jun 06, 2021 9:19:31 PM org.openqa.selenium.remote.ProtocolHandshake createSession
INFO: Detected dialect: W3C
</system-err>
  </testcase>
  <testcase classname="Customers" name="search customer by firstname and lastname" time="11.037">
    <error message="The step &quot;click on search button&quot; is undefined" type="cucumber.runtime.junit.UndefinedThrowable">cucumber.runtime.junit.UndefinedThrowable: The step &quot;click on search button&quot; is undefined
</error>
  </testcase>
</testsuite>